[debug] [2024-06-25T21:57:57.716Z] ----------------------------------------------------------------------
[debug] [2024-06-25T21:57:57.719Z] Command:       C:\Program Files\nodejs\node.exe C:\Program Files\nodejs\node_modules\firebase-tools\lib\bin\firebase.js init
[debug] [2024-06-25T21:57:57.720Z] CLI Version:   13.11.4
[debug] [2024-06-25T21:57:57.721Z] Platform:      win32
[debug] [2024-06-25T21:57:57.721Z] Node Version:  v18.13.0
[debug] [2024-06-25T21:57:57.723Z] Time:          Tue Jun 25 2024 16:57:57 GMT-0500 (hora estándar oriental)
[debug] [2024-06-25T21:57:57.723Z] ----------------------------------------------------------------------
[debug] 
[debug] [2024-06-25T21:57:57.834Z] > command requires scopes: ["email","openid","https://www.googleapis.com/auth/cloudplatformprojects.readonly","https://www.googleapis.com/auth/firebase","https://www.googleapis.com/auth/cloud-platform"]
[debug] [2024-06-25T21:57:57.835Z] > authorizing via signed-in user (franciscomigueljorge@gmail.com)
[info] 
     ######## #### ########  ######## ########     ###     ######  ########
     ##        ##  ##     ## ##       ##     ##  ##   ##  ##       ##
     ######    ##  ########  ######   ########  #########  ######  ######
     ##        ##  ##    ##  ##       ##     ## ##     ##       ## ##
     ##       #### ##     ## ######## ########  ##     ##  ######  ########

You're about to initialize a Firebase project in this directory:

  C:\Users\PC-03\Desktop\cursos\curso-angular-mydayapp-step-18

Before we get started, keep in mind:

  * You are initializing within an existing Firebase project directory

[info] 
=== Project Setup
[info] 
[info] First, let's associate this project directory with a Firebase project.
[info] You can create multiple project aliases by running firebase use --add, 
[info] but for now we'll just set up a default project.
[info] 
[debug] [2024-06-25T21:58:07.726Z] Using project from CLI flag: mydayapp-874a7
[debug] [2024-06-25T21:58:07.730Z] >>> [apiv2][query] GET https://firebase.googleapis.com/v1beta1/projects/mydayapp-874a7 [none]
[debug] [2024-06-25T21:58:08.230Z] <<< [apiv2][status] GET https://firebase.googleapis.com/v1beta1/projects/mydayapp-874a7 403
[debug] [2024-06-25T21:58:08.230Z] <<< [apiv2][body] GET https://firebase.googleapis.com/v1beta1/projects/mydayapp-874a7 {"error":{"code":403,"message":"The caller does not have permission","status":"PERMISSION_DENIED"}}
[debug] [2024-06-25T21:58:08.231Z] HTTP Error: 403, The caller does not have permission
[debug] [2024-06-25T21:58:08.452Z] FirebaseError: HTTP Error: 403, The caller does not have permission
    at responseToError (C:\Users\PC-03\AppData\Roaming\nvm\v18.13.0\node_modules\firebase-tools\lib\responseToError.js:49:12)
    at RetryOperation._fn (C:\Users\PC-03\AppData\Roaming\nvm\v18.13.0\node_modules\firebase-tools\lib\apiv2.js:305:77)
    at process.processTicksAndRejections (node:internal/process/task_queues:95:5)
[error] 
[error] Error: Failed to get Firebase project mydayapp-874a7. Please make sure the project exists and your account has permission to access it.
